  Scena.cpp
C:\Users\User\Documents\Visual Studio 2019\Projects\OpenGL_tutorial_Muratov_animation\tut_Basic_Objects\Scena.cpp(25,48): warning C4305: +=: усечение из "double" в "float"
C:\Users\User\Documents\Visual Studio 2019\Projects\OpenGL_tutorial_Muratov_animation\tut_Basic_Objects\Scena.cpp(35,20): warning C4305: аргумент: усечение из "double" в "GLfloat"
C:\Users\User\Documents\Visual Studio 2019\Projects\OpenGL_tutorial_Muratov_animation\tut_Basic_Objects\Scena.cpp(37,22): warning C4305: аргумент: усечение из "double" в "GLfloat"
C:\Users\User\Documents\Visual Studio 2019\Projects\OpenGL_tutorial_Muratov_animation\tut_Basic_Objects\Scena.cpp(40,20): warning C4305: аргумент: усечение из "double" в "GLfloat"
C:\Users\User\Documents\Visual Studio 2019\Projects\OpenGL_tutorial_Muratov_animation\tut_Basic_Objects\Scena.cpp(41,27): warning C4305: аргумент: усечение из "double" в "GLfloat"
C:\Users\User\Documents\Visual Studio 2019\Projects\OpenGL_tutorial_Muratov_animation\tut_Basic_Objects\Scena.cpp(48,24): warning C4305: аргумент: усечение из "double" в "GLfloat"
C:\Users\User\Documents\Visual Studio 2019\Projects\OpenGL_tutorial_Muratov_animation\tut_Basic_Objects\Scena.cpp(51,14): warning C4305: =: усечение из "double" в "float"
C:\Users\User\Documents\Visual Studio 2019\Projects\OpenGL_tutorial_Muratov_animation\tut_Basic_Objects\Scena.cpp(52,13): warning C4305: =: усечение из "double" в "float"
C:\Users\User\Documents\Visual Studio 2019\Projects\OpenGL_tutorial_Muratov_animation\tut_Basic_Objects\Scena.cpp(54,12): warning C4244: инициализация: преобразование "double" в "float", возможна потеря данных
C:\Users\User\Documents\Visual Studio 2019\Projects\OpenGL_tutorial_Muratov_animation\tut_Basic_Objects\Scena.cpp(58,20): warning C4244: аргумент: преобразование "double" в "GLfloat", возможна потеря данных
C:\Users\User\Documents\Visual Studio 2019\Projects\OpenGL_tutorial_Muratov_animation\tut_Basic_Objects\Scena.cpp(60,25): warning C4305: аргумент: усечение из "double" в "GLfloat"
C:\Users\User\Documents\Visual Studio 2019\Projects\OpenGL_tutorial_Muratov_animation\tut_Basic_Objects\Scena.cpp(62,25): warning C4305: аргумент: усечение из "double" в "GLfloat"
C:\Users\User\Documents\Visual Studio 2019\Projects\OpenGL_tutorial_Muratov_animation\tut_Basic_Objects\Scena.cpp(64,26): warning C4305: аргумент: усечение из "double" в "GLfloat"
C:\Users\User\Documents\Visual Studio 2019\Projects\OpenGL_tutorial_Muratov_animation\tut_Basic_Objects\Scena.cpp(67,25): warning C4305: аргумент: усечение из "double" в "GLfloat"
C:\Users\User\Documents\Visual Studio 2019\Projects\OpenGL_tutorial_Muratov_animation\tut_Basic_Objects\Scena.cpp(69,25): warning C4305: аргумент: усечение из "double" в "GLfloat"
C:\Users\User\Documents\Visual Studio 2019\Projects\OpenGL_tutorial_Muratov_animation\tut_Basic_Objects\Scena.cpp(71,26): warning C4305: аргумент: усечение из "double" в "GLfloat"
C:\Users\User\Documents\Visual Studio 2019\Projects\OpenGL_tutorial_Muratov_animation\tut_Basic_Objects\Scena.cpp(80,20): warning C4305: аргумент: усечение из "double" в "GLfloat"
C:\Users\User\Documents\Visual Studio 2019\Projects\OpenGL_tutorial_Muratov_animation\tut_Basic_Objects\Scena.cpp(81,21): warning C4244: аргумент: преобразование "double" в "float", возможна потеря данных
C:\Users\User\Documents\Visual Studio 2019\Projects\OpenGL_tutorial_Muratov_animation\tut_Basic_Objects\Scena.cpp(83,38): warning C4244: аргумент: преобразование "double" в "float", возможна потеря данных
C:\Users\User\Documents\Visual Studio 2019\Projects\OpenGL_tutorial_Muratov_animation\tut_Basic_Objects\Scena.cpp(83,27): warning C4244: аргумент: преобразование "double" в "float", возможна потеря данных
C:\Users\User\Documents\Visual Studio 2019\Projects\OpenGL_tutorial_Muratov_animation\tut_Basic_Objects\Scena.cpp(83,16): warning C4244: аргумент: преобразование "double" в "float", возможна потеря данных
C:\Users\User\Documents\Visual Studio 2019\Projects\OpenGL_tutorial_Muratov_animation\tut_Basic_Objects\Scena.cpp(85,38): warning C4244: аргумент: преобразование "double" в "float", возможна потеря данных
C:\Users\User\Documents\Visual Studio 2019\Projects\OpenGL_tutorial_Muratov_animation\tut_Basic_Objects\Scena.cpp(85,27): warning C4244: аргумент: преобразование "double" в "float", возможна потеря данных
C:\Users\User\Documents\Visual Studio 2019\Projects\OpenGL_tutorial_Muratov_animation\tut_Basic_Objects\Scena.cpp(85,16): warning C4244: аргумент: преобразование "double" в "float", возможна потеря данных
C:\Users\User\Documents\Visual Studio 2019\Projects\OpenGL_tutorial_Muratov_animation\tut_Basic_Objects\Scena.cpp(89,23): warning C4305: аргумент: усечение из "double" в "GLfloat"
C:\Users\User\Documents\Visual Studio 2019\Projects\OpenGL_tutorial_Muratov_animation\tut_Basic_Objects\Scena.cpp(91,23): warning C4305: аргумент: усечение из "double" в "GLfloat"
C:\Users\User\Documents\Visual Studio 2019\Projects\OpenGL_tutorial_Muratov_animation\tut_Basic_Objects\Scena.cpp(93,23): warning C4305: аргумент: усечение из "double" в "GLfloat"
C:\Users\User\Documents\Visual Studio 2019\Projects\OpenGL_tutorial_Muratov_animation\tut_Basic_Objects\Scena.cpp(95,22): warning C4305: аргумент: усечение из "double" в "GLfloat"
C:\Users\User\Documents\Visual Studio 2019\Projects\OpenGL_tutorial_Muratov_animation\tut_Basic_Objects\Scena.cpp(97,22): warning C4305: аргумент: усечение из "double" в "GLfloat"
C:\Users\User\Documents\Visual Studio 2019\Projects\OpenGL_tutorial_Muratov_animation\tut_Basic_Objects\Scena.cpp(108,20): warning C4018: <: несоответствие типов со знаком и без знака
C:\Users\User\Documents\Visual Studio 2019\Projects\OpenGL_tutorial_Muratov_animation\tut_Basic_Objects\Scena.cpp(119,12): warning C4244: инициализация: преобразование "double" в "float", возможна потеря данных
C:\Users\User\Documents\Visual Studio 2019\Projects\OpenGL_tutorial_Muratov_animation\tut_Basic_Objects\Scena.cpp(119,64): warning C4244: инициализация: преобразование "double" в "float", возможна потеря данных
C:\Users\User\Documents\Visual Studio 2019\Projects\OpenGL_tutorial_Muratov_animation\tut_Basic_Objects\Scena.cpp(121,23): warning C4305: =: усечение из "double" в "float"
C:\Users\User\Documents\Visual Studio 2019\Projects\OpenGL_tutorial_Muratov_animation\tut_Basic_Objects\Scena.cpp(122,10): warning C4554: "&": проверьте приоритет операторов на ошибки; для уточнения приоритета используйте скобки
C:\Users\User\Documents\Visual Studio 2019\Projects\OpenGL_tutorial_Muratov_animation\tut_Basic_Objects\Scena.cpp(122,33): warning C4554: "&": проверьте приоритет операторов на ошибки; для уточнения приоритета используйте скобки
C:\Users\User\Documents\Visual Studio 2019\Projects\OpenGL_tutorial_Muratov_animation\tut_Basic_Objects\Scena.cpp(123,36): warning C4305: =: усечение из "double" в "float"
C:\Users\User\Documents\Visual Studio 2019\Projects\OpenGL_tutorial_Muratov_animation\tut_Basic_Objects\Scena.cpp(125,12): warning C4305: =: усечение из "double" в "float"
C:\Users\User\Documents\Visual Studio 2019\Projects\OpenGL_tutorial_Muratov_animation\tut_Basic_Objects\Scena.cpp(125,34): warning C4305: =: усечение из "double" в "float"
C:\Users\User\Documents\Visual Studio 2019\Projects\OpenGL_tutorial_Muratov_animation\tut_Basic_Objects\Scena.cpp(126,10): warning C4554: "&": проверьте приоритет операторов на ошибки; для уточнения приоритета используйте скобки
C:\Users\User\Documents\Visual Studio 2019\Projects\OpenGL_tutorial_Muratov_animation\tut_Basic_Objects\Scena.cpp(126,33): warning C4554: "&": проверьте приоритет операторов на ошибки; для уточнения приоритета используйте скобки
C:\Users\User\Documents\Visual Studio 2019\Projects\OpenGL_tutorial_Muratov_animation\tut_Basic_Objects\Scena.cpp(128,23): warning C4305: =: усечение из "double" в "float"
C:\Users\User\Documents\Visual Studio 2019\Projects\OpenGL_tutorial_Muratov_animation\tut_Basic_Objects\Scena.cpp(133,21): warning C4305: аргумент: усечение из "double" в "GLfloat"
C:\Users\User\Documents\Visual Studio 2019\Projects\OpenGL_tutorial_Muratov_animation\tut_Basic_Objects\Scena.cpp(136,22): warning C4305: аргумент: усечение из "double" в "GLfloat"
C:\Users\User\Documents\Visual Studio 2019\Projects\OpenGL_tutorial_Muratov_animation\tut_Basic_Objects\Scena.cpp(142,24): warning C4305: аргумент: усечение из "double" в "GLfloat"
C:\Users\User\Documents\Visual Studio 2019\Projects\OpenGL_tutorial_Muratov_animation\tut_Basic_Objects\Scena.cpp(145,25): warning C4305: аргумент: усечение из "double" в "GLfloat"
C:\Users\User\Documents\Visual Studio 2019\Projects\OpenGL_tutorial_Muratov_animation\tut_Basic_Objects\Scena.cpp(146,48): warning C4305: +=: усечение из "double" в "float"
C:\Users\User\Documents\Visual Studio 2019\Projects\OpenGL_tutorial_Muratov_animation\tut_Basic_Objects\Scena.cpp(154,24): warning C4305: аргумент: усечение из "double" в "GLfloat"
C:\Users\User\Documents\Visual Studio 2019\Projects\OpenGL_tutorial_Muratov_animation\tut_Basic_Objects\Scena.cpp(158,48): warning C4305: +=: усечение из "double" в "float"
C:\Users\User\Documents\Visual Studio 2019\Projects\OpenGL_tutorial_Muratov_animation\tut_Basic_Objects\Scena.cpp(169,23): warning C4305: аргумент: усечение из "double" в "GLfloat"
C:\Users\User\Documents\Visual Studio 2019\Projects\OpenGL_tutorial_Muratov_animation\tut_Basic_Objects\Scena.cpp(170,20): warning C4305: аргумент: усечение из "double" в "GLfloat"
C:\Users\User\Documents\Visual Studio 2019\Projects\OpenGL_tutorial_Muratov_animation\tut_Basic_Objects\Scena.cpp(171,19): warning C4305: аргумент: усечение из "double" в "GLfloat"
C:\Users\User\Documents\Visual Studio 2019\Projects\OpenGL_tutorial_Muratov_animation\tut_Basic_Objects\Scena.cpp(183,20): warning C4305: аргумент: усечение из "double" в "GLfloat"
C:\Users\User\Documents\Visual Studio 2019\Projects\OpenGL_tutorial_Muratov_animation\tut_Basic_Objects\Scena.cpp(184,20): warning C4305: аргумент: усечение из "double" в "GLfloat"
C:\Users\User\Documents\Visual Studio 2019\Projects\OpenGL_tutorial_Muratov_animation\tut_Basic_Objects\Scena.cpp(185,20): warning C4305: аргумент: усечение из "double" в "GLfloat"
C:\Users\User\Documents\Visual Studio 2019\Projects\OpenGL_tutorial_Muratov_animation\tut_Basic_Objects\Scena.cpp(186,20): warning C4305: аргумент: усечение из "double" в "GLfloat"
C:\Users\User\Documents\Visual Studio 2019\Projects\OpenGL_tutorial_Muratov_animation\tut_Basic_Objects\Scena.cpp(189,20): warning C4305: аргумент: усечение из "double" в "GLfloat"
C:\Users\User\Documents\Visual Studio 2019\Projects\OpenGL_tutorial_Muratov_animation\tut_Basic_Objects\Scena.cpp(190,22): warning C4305: аргумент: усечение из "double" в "GLfloat"
C:\Users\User\Documents\Visual Studio 2019\Projects\OpenGL_tutorial_Muratov_animation\tut_Basic_Objects\Scena.cpp(191,21): warning C4305: аргумент: усечение из "double" в "GLfloat"
C:\Users\User\Documents\Visual Studio 2019\Projects\OpenGL_tutorial_Muratov_animation\tut_Basic_Objects\Scena.cpp(192,20): warning C4305: аргумент: усечение из "double" в "GLfloat"
C:\Users\User\Documents\Visual Studio 2019\Projects\OpenGL_tutorial_Muratov_animation\tut_Basic_Objects\Scena.cpp(193,20): warning C4305: аргумент: усечение из "double" в "GLfloat"
C:\Users\User\Documents\Visual Studio 2019\Projects\OpenGL_tutorial_Muratov_animation\tut_Basic_Objects\Scena.cpp(194,20): warning C4305: аргумент: усечение из "double" в "GLfloat"
C:\Users\User\Documents\Visual Studio 2019\Projects\OpenGL_tutorial_Muratov_animation\tut_Basic_Objects\Scena.cpp(195,20): warning C4305: аргумент: усечение из "double" в "GLfloat"
C:\Users\User\Documents\Visual Studio 2019\Projects\OpenGL_tutorial_Muratov_animation\tut_Basic_Objects\Scena.cpp(196,20): warning C4305: аргумент: усечение из "double" в "GLfloat"
C:\Users\User\Documents\Visual Studio 2019\Projects\OpenGL_tutorial_Muratov_animation\tut_Basic_Objects\Scena.cpp(199,21): warning C4305: аргумент: усечение из "double" в "GLfloat"
C:\Users\User\Documents\Visual Studio 2019\Projects\OpenGL_tutorial_Muratov_animation\tut_Basic_Objects\Scena.cpp(200,22): warning C4305: аргумент: усечение из "double" в "GLfloat"
C:\Users\User\Documents\Visual Studio 2019\Projects\OpenGL_tutorial_Muratov_animation\tut_Basic_Objects\Scena.cpp(201,22): warning C4305: аргумент: усечение из "double" в "GLfloat"
C:\Users\User\Documents\Visual Studio 2019\Projects\OpenGL_tutorial_Muratov_animation\tut_Basic_Objects\Scena.cpp(202,21): warning C4305: аргумент: усечение из "double" в "GLfloat"
C:\Users\User\Documents\Visual Studio 2019\Projects\OpenGL_tutorial_Muratov_animation\tut_Basic_Objects\Scena.cpp(204,21): warning C4305: аргумент: усечение из "double" в "GLfloat"
C:\Users\User\Documents\Visual Studio 2019\Projects\OpenGL_tutorial_Muratov_animation\tut_Basic_Objects\Scena.cpp(205,22): warning C4305: аргумент: усечение из "double" в "GLfloat"
C:\Users\User\Documents\Visual Studio 2019\Projects\OpenGL_tutorial_Muratov_animation\tut_Basic_Objects\Scena.cpp(206,22): warning C4305: аргумент: усечение из "double" в "GLfloat"
C:\Users\User\Documents\Visual Studio 2019\Projects\OpenGL_tutorial_Muratov_animation\tut_Basic_Objects\Scena.cpp(207,21): warning C4305: аргумент: усечение из "double" в "GLfloat"
C:\Users\User\Documents\Visual Studio 2019\Projects\OpenGL_tutorial_Muratov_animation\tut_Basic_Objects\Scena.cpp(210,22): warning C4305: аргумент: усечение из "double" в "GLfloat"
C:\Users\User\Documents\Visual Studio 2019\Projects\OpenGL_tutorial_Muratov_animation\tut_Basic_Objects\Scena.cpp(211,22): warning C4305: аргумент: усечение из "double" в "GLfloat"
C:\Users\User\Documents\Visual Studio 2019\Projects\OpenGL_tutorial_Muratov_animation\tut_Basic_Objects\Scena.cpp(212,22): warning C4305: аргумент: усечение из "double" в "GLfloat"
C:\Users\User\Documents\Visual Studio 2019\Projects\OpenGL_tutorial_Muratov_animation\tut_Basic_Objects\Scena.cpp(213,22): warning C4305: аргумент: усечение из "double" в "GLfloat"
C:\Users\User\Documents\Visual Studio 2019\Projects\OpenGL_tutorial_Muratov_animation\tut_Basic_Objects\Scena.cpp(216,23): warning C4305: аргумент: усечение из "double" в "GLfloat"
C:\Users\User\Documents\Visual Studio 2019\Projects\OpenGL_tutorial_Muratov_animation\tut_Basic_Objects\Scena.cpp(217,23): warning C4305: аргумент: усечение из "double" в "GLfloat"
C:\Users\User\Documents\Visual Studio 2019\Projects\OpenGL_tutorial_Muratov_animation\tut_Basic_Objects\Scena.cpp(218,21): warning C4305: аргумент: усечение из "double" в "GLfloat"
C:\Users\User\Documents\Visual Studio 2019\Projects\OpenGL_tutorial_Muratov_animation\tut_Basic_Objects\Scena.cpp(219,21): warning C4305: аргумент: усечение из "double" в "GLfloat"
C:\Users\User\Documents\Visual Studio 2019\Projects\OpenGL_tutorial_Muratov_animation\tut_Basic_Objects\Scena.cpp(221,23): warning C4305: аргумент: усечение из "double" в "GLfloat"
C:\Users\User\Documents\Visual Studio 2019\Projects\OpenGL_tutorial_Muratov_animation\tut_Basic_Objects\Scena.cpp(222,23): warning C4305: аргумент: усечение из "double" в "GLfloat"
C:\Users\User\Documents\Visual Studio 2019\Projects\OpenGL_tutorial_Muratov_animation\tut_Basic_Objects\Scena.cpp(223,21): warning C4305: аргумент: усечение из "double" в "GLfloat"
C:\Users\User\Documents\Visual Studio 2019\Projects\OpenGL_tutorial_Muratov_animation\tut_Basic_Objects\Scena.cpp(224,21): warning C4305: аргумент: усечение из "double" в "GLfloat"
C:\Users\User\Documents\Visual Studio 2019\Projects\OpenGL_tutorial_Muratov_animation\tut_Basic_Objects\Scena.cpp(234,25): warning C4305: аргумент: усечение из "double" в "GLfloat"
C:\Users\User\Documents\Visual Studio 2019\Projects\OpenGL_tutorial_Muratov_animation\tut_Basic_Objects\Scena.cpp(235,22): warning C4305: аргумент: усечение из "double" в "GLfloat"
C:\Users\User\Documents\Visual Studio 2019\Projects\OpenGL_tutorial_Muratov_animation\tut_Basic_Objects\Scena.cpp(239,25): warning C4305: аргумент: усечение из "double" в "GLfloat"
C:\Users\User\Documents\Visual Studio 2019\Projects\OpenGL_tutorial_Muratov_animation\tut_Basic_Objects\Scena.cpp(240,22): warning C4305: аргумент: усечение из "double" в "GLfloat"
C:\Users\User\Documents\Visual Studio 2019\Projects\OpenGL_tutorial_Muratov_animation\tut_Basic_Objects\Scena.cpp(254,21): warning C4305: аргумент: усечение из "double" в "GLfloat"
C:\Users\User\Documents\Visual Studio 2019\Projects\OpenGL_tutorial_Muratov_animation\tut_Basic_Objects\Scena.cpp(255,21): warning C4305: аргумент: усечение из "double" в "GLfloat"
C:\Users\User\Documents\Visual Studio 2019\Projects\OpenGL_tutorial_Muratov_animation\tut_Basic_Objects\Scena.cpp(256,19): warning C4305: аргумент: усечение из "double" в "GLfloat"
C:\Users\User\Documents\Visual Studio 2019\Projects\OpenGL_tutorial_Muratov_animation\tut_Basic_Objects\Scena.cpp(257,19): warning C4305: аргумент: усечение из "double" в "GLfloat"
C:\Users\User\Documents\Visual Studio 2019\Projects\OpenGL_tutorial_Muratov_animation\tut_Basic_Objects\Scena.cpp(261,22): warning C4305: аргумент: усечение из "double" в "GLfloat"
C:\Users\User\Documents\Visual Studio 2019\Projects\OpenGL_tutorial_Muratov_animation\tut_Basic_Objects\Scena.cpp(262,21): warning C4305: аргумент: усечение из "double" в "GLfloat"
C:\Users\User\Documents\Visual Studio 2019\Projects\OpenGL_tutorial_Muratov_animation\tut_Basic_Objects\Scena.cpp(276,24): warning C4305: аргумент: усечение из "double" в "GLfloat"
C:\Users\User\Documents\Visual Studio 2019\Projects\OpenGL_tutorial_Muratov_animation\tut_Basic_Objects\Scena.cpp(291,13): warning C4244: инициализация: преобразование "double" в "float", возможна потеря данных
C:\Users\User\Documents\Visual Studio 2019\Projects\OpenGL_tutorial_Muratov_animation\tut_Basic_Objects\Scena.cpp(296,21): warning C4244: аргумент: преобразование "double" в "GLfloat", возможна потеря данных
C:\Users\User\Documents\Visual Studio 2019\Projects\OpenGL_tutorial_Muratov_animation\tut_Basic_Objects\Scena.cpp(305,12): warning C4244: инициализация: преобразование "double" в "float", возможна потеря данных
C:\Users\User\Documents\Visual Studio 2019\Projects\OpenGL_tutorial_Muratov_animation\tut_Basic_Objects\Scena.cpp(308,20): warning C4244: аргумент: преобразование "double" в "GLfloat", возможна потеря данных
C:\Users\User\Documents\Visual Studio 2019\Projects\OpenGL_tutorial_Muratov_animation\tut_Basic_Objects\Scena.cpp(335,29): warning C4244: =: преобразование "double" в "float", возможна потеря данных
C:\Users\User\Documents\Visual Studio 2019\Projects\OpenGL_tutorial_Muratov_animation\tut_Basic_Objects\Scena.cpp(336,29): warning C4244: =: преобразование "double" в "float", возможна потеря данных
C:\Users\User\Documents\Visual Studio 2019\Projects\OpenGL_tutorial_Muratov_animation\tut_Basic_Objects\Scena.cpp(337,30): warning C4244: =: преобразование "double" в "float", возможна потеря данных
C:\Users\User\Documents\Visual Studio 2019\Projects\OpenGL_tutorial_Muratov_animation\tut_Basic_Objects\Scena.cpp(338,29): warning C4244: =: преобразование "double" в "float", возможна потеря данных
  tut_Basic_Objects.vcxproj -> C:\Users\User\Documents\Visual Studio 2019\Projects\OpenGL_tutorial_Muratov_animation\Debug\tut_Basic_Objects.exe
